<?xml version="1.0" encoding="UTF-8"?>
<!-- Generated by org.testng.reporters.JUnitReportReporter -->
<testsuite hostname="LAPTOP-55KH0OII" failures="0" tests="3" name="mypackage.NewTest" time="19.726" errors="0" timestamp="2023-01-23T21:53:17 IST" skipped="0">
  <testcase classname="mypackage.NewTest" name="closeBrowser" time="1.192"/>
  <system-out/>
  <testcase classname="mypackage.NewTest" name="launchBrowser" time="10.393"/>
  <system-out/>
  <testcase classname="mypackage.NewTest" name="f" time="8.141"/>
  <system-out/>
</testsuite> <!-- mypackage.NewTest -->
